<?xml version="1.0" encoding="UTF-8"?>
<testsuite name="demolition.TestClass" tests="14" skipped="0" failures="0" errors="0" timestamp="2021-11-05T04:57:36" hostname="Randev-Uppal-2" time="30.721">
  <properties/>
  <testcase name="enemyDeathTest()" classname="demolition.TestClass" time="3.46"/>
  <testcase name="yellowEnemyTest()" classname="demolition.TestClass" time="1.769"/>
  <testcase name="movementTest()" classname="demolition.TestClass" time="1.598"/>
  <testcase name="redEnemyTest()" classname="demolition.TestClass" time="1.881"/>
  <testcase name="enemyTouchingTest()" classname="demolition.TestClass" time="1.773"/>
  <testcase name="bombGuyInitTest()" classname="demolition.TestClass" time="1.707"/>
  <testcase name="explosionGraphicsTest1()" classname="demolition.TestClass" time="1.96"/>
  <testcase name="explosionGraphicsTest2()" classname="demolition.TestClass" time="2.084"/>
  <testcase name="explosionSpawnTest()" classname="demolition.TestClass" time="2.038"/>
  <testcase name="gameOverTest()" classname="demolition.TestClass" time="2.467"/>
  <testcase name="noMovementTest()" classname="demolition.TestClass" time="3.088"/>
  <testcase name="winTest()" classname="demolition.TestClass" time="2.711"/>
  <testcase name="bombTest()" classname="demolition.TestClass" time="2.505"/>
  <testcase name="invalidMapFileTest()" classname="demolition.TestClass" time="1.616"/>
  <system-out><![CDATA[No player is defined in level.
No such map file.
No such map file.
Cannot define player more than once.
Map file doesn't have 15 columns.
Map file doesn't have enough rows.
Map file has too many rows.
No player is defined in level.
Map has no horizontal boundary walls.
Map has no vertical boundary walls.
]]></system-out>
  <system-err><![CDATA[java.lang.NullPointerException
	at demolition.App.tick(App.java:246)
	at demolition.App.draw(App.java:398)
	at processing.core.PApplet.handleDraw(PApplet.java:2426)
	at processing.awt.PSurfaceAWT$12.callDraw(PSurfaceAWT.java:1557)
	at processing.core.PSurfaceNone$AnimationThread.run(PSurfaceNone.java:316)
]]></system-err>
</testsuite>
